# JRE version: Java(TM) SE Runtime Environment (8.0_333-b02) (build 1.8.0_333-b02)
# Java VM: Java HotSpot(TM) 64-Bit Server VM (25.333-b02 mixed mode windows-amd64 compressed oops)
Heap:
 PSYoungGen      total 141824K, used 41958K [0x000000076af00000, 0x0000000778400000, 0x00000007c0000000)
  eden space 128512K, 22% used [0x000000076af00000,0x000000076cafcc98,0x0000000772c80000)
  from space 13312K, 99% used [0x0000000777700000,0x00000007783fcde8,0x0000000778400000)
  to   space 10752K, 0% used [0x0000000772c80000,0x0000000772c80000,0x0000000773700000)
 ParOldGen       total 135680K, used 23043K [0x00000006c0c00000, 0x00000006c9080000, 0x000000076af00000)
  object space 135680K, 16% used [0x00000006c0c00000,0x00000006c2280d00,0x00000006c9080000)
 Metaspace       used 53319K, capacity 56046K, committed 56232K, reserved 1097728K
  class space    used 7344K, capacity 7832K, committed 7856K, reserved 1048576K
GC Heap History (10 events):
Event: 1.054 GC heap before
{Heap before GC invocations=4 (full 1):
 PSYoungGen      total 76288K, used 6222K [0x000000076af00000, 0x0000000774400000, 0x00000007c0000000)
  eden space 65536K, 0% used [0x000000076af00000,0x000000076af00000,0x000000076ef00000)
  from space 10752K, 57% used [0x000000076ef00000,0x000000076f5139e8,0x000000076f980000)
  to   space 10752K, 0% used [0x0000000773980000,0x0000000773980000,0x0000000774400000)
 ParOldGen       total 175104K, used 32K [0x00000006c0c00000, 0x00000006cb700000, 0x000000076af00000)
  object space 175104K, 0% used [0x00000006c0c00000,0x00000006c0c08000,0x00000006cb700000)
 Metaspace       used 20368K, capacity 21222K, committed 21296K, reserved 1067008K
  class space    used 2648K, capacity 2845K, committed 2864K, reserved 1048576K
Event: 1.070 GC heap after
Heap after GC invocations=4 (full 1):
 PSYoungGen      total 76288K, used 0K [0x000000076af00000, 0x0000000774400000, 0x00000007c0000000)
  eden space 65536K, 0% used [0x000000076af00000,0x000000076af00000,0x000000076ef00000)
  from space 10752K, 0% used [0x000000076ef00000,0x000000076ef00000,0x000000076f980000)
  to   space 10752K, 0% used [0x0000000773980000,0x0000000773980000,0x0000000774400000)
 ParOldGen       total 87040K, used 5956K [0x00000006c0c00000, 0x00000006c6100000, 0x000000076af00000)
  object space 87040K, 6% used [0x00000006c0c00000,0x00000006c11d1308,0x00000006c6100000)
 Metaspace       used 20368K, capacity 21222K, committed 21296K, reserved 1067008K
  class space    used 2648K, capacity 2845K, committed 2864K, reserved 1048576K
}
Event: 1.375 GC heap before
{Heap before GC invocations=5 (full 1):
 PSYoungGen      total 76288K, used 65536K [0x000000076af00000, 0x0000000774400000, 0x00000007c0000000)
  eden space 65536K, 100% used [0x000000076af00000,0x000000076ef00000,0x000000076ef00000)
  from space 10752K, 0% used [0x000000076ef00000,0x000000076ef00000,0x000000076f980000)
  to   space 10752K, 0% used [0x0000000773980000,0x0000000773980000,0x0000000774400000)
 ParOldGen       total 87040K, used 5956K [0x00000006c0c00000, 0x00000006c6100000, 0x000000076af00000)
  object space 87040K, 6% used [0x00000006c0c00000,0x00000006c11d1308,0x00000006c6100000)
 Metaspace       used 24930K, capacity 26074K, committed 26288K, reserved 1073152K
  class space    used 3259K, capacity 3503K, committed 3504K, reserved 1048576K
Event: 1.379 GC heap after
Heap after GC invocations=5 (full 1):
 PSYoungGen      total 121856K, used 7917K [0x000000076af00000, 0x0000000774180000, 0x00000007c0000000)
  eden space 113664K, 0% used [0x000000076af00000,0x000000076af00000,0x0000000771e00000)
  from space 8192K, 96% used [0x0000000773980000,0x000000077413b788,0x0000000774180000)
  to   space 10752K, 0% used [0x0000000772c80000,0x0000000772c80000,0x0000000773700000)
 ParOldGen       total 87040K, used 5964K [0x00000006c0c00000, 0x00000006c6100000, 0x000000076af00000)
  object space 87040K, 6% used [0x00000006c0c00000,0x00000006c11d3308,0x00000006c6100000)
 Metaspace       used 24930K, capacity 26074K, committed 26288K, reserved 1073152K
  class space    used 3259K, capacity 3503K, committed 3504K, reserved 1048576K
}
Event: 2.477 GC heap before
{Heap before GC invocations=6 (full 1):
 PSYoungGen      total 121856K, used 96900K [0x000000076af00000, 0x0000000774180000, 0x00000007c0000000)
  eden space 113664K, 78% used [0x000000076af00000,0x00000007705e5ae8,0x0000000771e00000)
  from space 8192K, 96% used [0x0000000773980000,0x000000077413b788,0x0000000774180000)
  to   space 10752K, 0% used [0x0000000772c80000,0x0000000772c80000,0x0000000773700000)
 ParOldGen       total 87040K, used 5964K [0x00000006c0c00000, 0x00000006c6100000, 0x000000076af00000)
  object space 87040K, 6% used [0x00000006c0c00000,0x00000006c11d3308,0x00000006c6100000)
 Metaspace       used 33379K, capacity 35414K, committed 35496K, reserved 1079296K
  class space    used 4398K, capacity 4755K, committed 4784K, reserved 1048576K
Event: 2.485 GC heap after
Heap after GC invocations=6 (full 1):
 PSYoungGen      total 139264K, used 10720K [0x000000076af00000, 0x0000000778400000, 0x00000007c0000000)
  eden space 128512K, 0% used [0x000000076af00000,0x000000076af00000,0x0000000772c80000)
  from space 10752K, 99% used [0x0000000772c80000,0x00000007736f83a0,0x0000000773700000)
  to   space 13312K, 0% used [0x0000000777700000,0x0000000777700000,0x0000000778400000)
 ParOldGen       total 87040K, used 7567K [0x00000006c0c00000, 0x00000006c6100000, 0x000000076af00000)
  object space 87040K, 8% used [0x00000006c0c00000,0x00000006c1363df8,0x00000006c6100000)
 Metaspace       used 33379K, capacity 35414K, committed 35496K, reserved 1079296K
  class space    used 4398K, capacity 4755K, committed 4784K, reserved 1048576K
}
Event: 2.485 GC heap before
{Heap before GC invocations=7 (full 2):
 PSYoungGen      total 139264K, used 10720K [0x000000076af00000, 0x0000000778400000, 0x00000007c0000000)
  eden space 128512K, 0% used [0x000000076af00000,0x000000076af00000,0x0000000772c80000)
  from space 10752K, 99% used [0x0000000772c80000,0x00000007736f83a0,0x0000000773700000)
  to   space 13312K, 0% used [0x0000000777700000,0x0000000777700000,0x0000000778400000)
 ParOldGen       total 87040K, used 7567K [0x00000006c0c00000, 0x00000006c6100000, 0x000000076af00000)
  object space 87040K, 8% used [0x00000006c0c00000,0x00000006c1363df8,0x00000006c6100000)
 Metaspace       used 33379K, capacity 35414K, committed 35496K, reserved 1079296K
  class space    used 4398K, capacity 4755K, committed 4784K, reserved 1048576K
Event: 2.545 GC heap after
Heap after GC invocations=7 (full 2):
 PSYoungGen      total 139264K, used 0K [0x000000076af00000, 0x0000000778400000, 0x00000007c0000000)
  eden space 128512K, 0% used [0x000000076af00000,0x000000076af00000,0x0000000772c80000)
  from space 10752K, 0% used [0x0000000772c80000,0x0000000772c80000,0x0000000773700000)
  to   space 13312K, 0% used [0x0000000777700000,0x0000000777700000,0x0000000778400000)
 ParOldGen       total 135680K, used 16288K [0x00000006c0c00000, 0x00000006c9080000, 0x000000076af00000)
  object space 135680K, 12% used [0x00000006c0c00000,0x00000006c1be8398,0x00000006c9080000)
 Metaspace       used 33379K, capacity 35414K, committed 35496K, reserved 1079296K
  class space    used 4398K, capacity 4755K, committed 4784K, reserved 1048576K
}
Event: 5.069 GC heap before
{Heap before GC invocations=8 (full 2):
 PSYoungGen      total 139264K, used 128512K [0x000000076af00000, 0x0000000778400000, 0x00000007c0000000)
  eden space 128512K, 100% used [0x000000076af00000,0x0000000772c80000,0x0000000772c80000)
  from space 10752K, 0% used [0x0000000772c80000,0x0000000772c80000,0x0000000773700000)
  to   space 13312K, 0% used [0x0000000777700000,0x0000000777700000,0x0000000778400000)
 ParOldGen       total 135680K, used 16288K [0x00000006c0c00000, 0x00000006c9080000, 0x000000076af00000)
  object space 135680K, 12% used [0x00000006c0c00000,0x00000006c1be8398,0x00000006c9080000)
 Metaspace       used 51020K, capacity 53614K, committed 53928K, reserved 1095680K
  class space    used 7065K, capacity 7496K, committed 7600K, reserved 1048576K
Event: 5.084 GC heap after
Heap after GC invocations=8 (full 2):
 PSYoungGen      total 141824K, used 13299K [0x000000076af00000, 0x0000000778400000, 0x00000007c0000000)
  eden space 128512K, 0% used [0x000000076af00000,0x000000076af00000,0x0000000772c80000)
  from space 13312K, 99% used [0x0000000777700000,0x00000007783fcde8,0x0000000778400000)
  to   space 10752K, 0% used [0x0000000772c80000,0x0000000772c80000,0x0000000773700000)
 ParOldGen       total 135680K, used 23043K [0x00000006c0c00000, 0x00000006c9080000, 0x000000076af00000)
  object space 135680K, 16% used [0x00000006c0c00000,0x00000006c2280d00,0x00000006c9080000)
 Metaspace       used 51020K, capacity 53614K, committed 53928K, reserved 1095680K
  class space    used 7065K, capacity 7496K, committed 7600K, reserved 1048576K
}

